# JRE version: OpenJDK Runtime Environment (7.0_65-b32) (build 1.7.0_65-b32)
# Java VM: OpenJDK Server VM (24.65-b04 mixed mode linux-x86 )
Heap
 PSYoungGen      total 149504K, used 15859K [0x9dd80000, 0xa8080000, 0xb3300000)
  eden space 133632K, 0% used [0x9dd80000,0x9dd80000,0xa6000000)
  from space 15872K, 99% used [0xa6000000,0xa6f7ce40,0xa6f80000)
  to   space 14336K, 0% used [0xa6f80000,0xa6f80000,0xa7d80000)
 ParOldGen       total 46336K, used 46264K [0x73300000, 0x76040000, 0x9dd80000)
  object space 46336K, 99% used [0x73300000,0x7602e0b0,0x76040000)
 PSPermGen       total 16384K, used 3935K [0x6b300000, 0x6c300000, 0x73300000)
  object space 16384K, 24% used [0x6b300000,0x6b6d7c00,0x6c300000)
GC Heap History (10 events):
Event: 3.504 GC heap after
Heap after GC invocations=2 (full 0):
 PSYoungGen      total 36352K, used 2554K [0x9dd80000, 0xa0380000, 0xb3300000)
  eden space 33792K, 0% used [0x9dd80000,0x9dd80000,0x9fe80000)
  from space 2560K, 99% used [0xa0100000,0xa037eae0,0xa0380000)
  to   space 2560K, 0% used [0x9fe80000,0x9fe80000,0xa0100000)
 ParOldGen       total 43520K, used 4665K [0x73300000, 0x75d80000, 0x9dd80000)
  object space 43520K, 10% used [0x73300000,0x7378e580,0x75d80000)
 PSPermGen       total 16384K, used 3795K [0x6b300000, 0x6c300000, 0x73300000)
  object space 16384K, 23% used [0x6b300000,0x6b6b4c00,0x6c300000)
}
Event: 6.753 GC heap before
{Heap before GC invocations=3 (full 0):
 PSYoungGen      total 36352K, used 36346K [0x9dd80000, 0xa0380000, 0xb3300000)
  eden space 33792K, 100% used [0x9dd80000,0x9fe80000,0x9fe80000)
  from space 2560K, 99% used [0xa0100000,0xa037eae0,0xa0380000)
  to   space 2560K, 0% used [0x9fe80000,0x9fe80000,0xa0100000)
 ParOldGen       total 43520K, used 4665K [0x73300000, 0x75d80000, 0x9dd80000)
  object space 43520K, 10% used [0x73300000,0x7378e580,0x75d80000)
 PSPermGen       total 16384K, used 3840K [0x6b300000, 0x6c300000, 0x73300000)
  object space 16384K, 23% used [0x6b300000,0x6b6c01b8,0x6c300000)
Event: 6.817 GC heap after
Heap after GC invocations=3 (full 0):
 PSYoungGen      total 36352K, used 2553K [0x9dd80000, 0xa2480000, 0xb3300000)
  eden space 33792K, 0% used [0x9dd80000,0x9dd80000,0x9fe80000)
  from space 2560K, 99% used [0x9fe80000,0xa00fe618,0xa0100000)
  to   space 2560K, 0% used [0xa2200000,0xa2200000,0xa2480000)
 ParOldGen       total 43520K, used 10333K [0x73300000, 0x75d80000, 0x9dd80000)
  object space 43520K, 23% used [0x73300000,0x73d17550,0x75d80000)
 PSPermGen       total 16384K, used 3840K [0x6b300000, 0x6c300000, 0x73300000)
  object space 16384K, 23% used [0x6b300000,0x6b6c01b8,0x6c300000)
}
Event: 10.106 GC heap before
{Heap before GC invocations=4 (full 0):
 PSYoungGen      total 36352K, used 36345K [0x9dd80000, 0xa2480000, 0xb3300000)
  eden space 33792K, 100% used [0x9dd80000,0x9fe80000,0x9fe80000)
  from space 2560K, 99% used [0x9fe80000,0xa00fe618,0xa0100000)
  to   space 2560K, 0% used [0xa2200000,0xa2200000,0xa2480000)
 ParOldGen       total 43520K, used 10333K [0x73300000, 0x75d80000, 0x9dd80000)
  object space 43520K, 23% used [0x73300000,0x73d17550,0x75d80000)
 PSPermGen       total 16384K, used 3855K [0x6b300000, 0x6c300000, 0x73300000)
  object space 16384K, 23% used [0x6b300000,0x6b6c3f08,0x6c300000)
Event: 10.206 GC heap after
Heap after GC invocations=4 (full 0):
 PSYoungGen      total 70144K, used 2546K [0x9dd80000, 0xa2480000, 0xb3300000)
  eden space 67584K, 0% used [0x9dd80000,0x9dd80000,0xa1f80000)
  from space 2560K, 99% used [0xa2200000,0xa247cab8,0xa2480000)
  to   space 2560K, 0% used [0xa1f80000,0xa1f80000,0xa2200000)
 ParOldGen       total 43520K, used 16280K [0x73300000, 0x75d80000, 0x9dd80000)
  object space 43520K, 37% used [0x73300000,0x742e63f0,0x75d80000)
 PSPermGen       total 16384K, used 3855K [0x6b300000, 0x6c300000, 0x73300000)
  object space 16384K, 23% used [0x6b300000,0x6b6c3f08,0x6c300000)
}
Event: 13.790 GC heap before
{Heap before GC invocations=5 (full 0):
 PSYoungGen      total 70144K, used 70130K [0x9dd80000, 0xa2480000, 0xb3300000)
  eden space 67584K, 100% used [0x9dd80000,0xa1f80000,0xa1f80000)
  from space 2560K, 99% used [0xa2200000,0xa247cab8,0xa2480000)
  to   space 2560K, 0% used [0xa1f80000,0xa1f80000,0xa2200000)
 ParOldGen       total 43520K, used 16280K [0x73300000, 0x75d80000, 0x9dd80000)
  object space 43520K, 37% used [0x73300000,0x742e63f0,0x75d80000)
 PSPermGen       total 16384K, used 3885K [0x6b300000, 0x6c300000, 0x73300000)
  object space 16384K, 23% used [0x6b300000,0x6b6cb418,0x6c300000)
Event: 13.961 GC heap after
Heap after GC invocations=5 (full 0):
 PSYoungGen      total 70144K, used 2555K [0x9dd80000, 0xa7d80000, 0xb3300000)
  eden space 67584K, 0% used [0x9dd80000,0x9dd80000,0xa1f80000)
  from space 2560K, 99% used [0xa1f80000,0xa21fee68,0xa2200000)
  to   space 14336K, 0% used [0xa6f80000,0xa6f80000,0xa7d80000)
 ParOldGen       total 43520K, used 27265K [0x73300000, 0x75d80000, 0x9dd80000)
  object space 43520K, 62% used [0x73300000,0x74da0710,0x75d80000)
 PSPermGen       total 16384K, used 3885K [0x6b300000, 0x6c300000, 0x73300000)
  object space 16384K, 23% used [0x6b300000,0x6b6cb418,0x6c300000)
}
Event: 15.713 GC heap before
{Heap before GC invocations=6 (full 0):
 PSYoungGen      total 70144K, used 70139K [0x9dd80000, 0xa7d80000, 0xb3300000)
  eden space 67584K, 100% used [0x9dd80000,0xa1f80000,0xa1f80000)
  from space 2560K, 99% used [0xa1f80000,0xa21fee68,0xa2200000)
  to   space 14336K, 0% used [0xa6f80000,0xa6f80000,0xa7d80000)
 ParOldGen       total 43520K, used 27265K [0x73300000, 0x75d80000, 0x9dd80000)
  object space 43520K, 62% used [0x73300000,0x74da0710,0x75d80000)
 PSPermGen       total 16384K, used 3901K [0x6b300000, 0x6c300000, 0x73300000)
  object space 16384K, 23% used [0x6b300000,0x6b6cf7c0,0x6c300000)
Event: 15.847 GC heap after
Heap after GC invocations=6 (full 0):
 PSYoungGen      total 147968K, used 12500K [0x9dd80000, 0xa8080000, 0xb3300000)
  eden space 133632K, 0% used [0x9dd80000,0x9dd80000,0xa6000000)
  from space 14336K, 87% used [0xa6f80000,0xa7bb5160,0xa7d80000)
  to   space 15872K, 0% used [0xa6000000,0xa6000000,0xa6f80000)
 ParOldGen       total 43520K, used 27265K [0x73300000, 0x75d80000, 0x9dd80000)
  object space 43520K, 62% used [0x73300000,0x74da0710,0x75d80000)
 PSPermGen       total 16384K, used 3901K [0x6b300000, 0x6c300000, 0x73300000)
  object space 16384K, 23% used [0x6b300000,0x6b6cf7c0,0x6c300000)
}
Event: 17.601 GC heap before
{Heap before GC invocations=7 (full 0):
 PSYoungGen      total 147968K, used 146132K [0x9dd80000, 0xa8080000, 0xb3300000)
  eden space 133632K, 100% used [0x9dd80000,0xa6000000,0xa6000000)
  from space 14336K, 87% used [0xa6f80000,0xa7bb5160,0xa7d80000)
  to   space 15872K, 0% used [0xa6000000,0xa6000000,0xa6f80000)
 ParOldGen       total 43520K, used 27265K [0x73300000, 0x75d80000, 0x9dd80000)
  object space 43520K, 62% used [0x73300000,0x74da0710,0x75d80000)
 PSPermGen       total 16384K, used 3935K [0x6b300000, 0x6c300000, 0x73300000)
  object space 16384K, 24% used [0x6b300000,0x6b6d7c00,0x6c300000)

