# JRE version: OpenJDK Runtime Environment (7.0_65-b32) (build 1.7.0_65-b32)
# Java VM: OpenJDK Server VM (24.65-b04 mixed mode linux-x86 )
Heap
 PSYoungGen      total 70144K, used 2558K [0x9ddc0000, 0xa24c0000, 0xb3340000)
  eden space 67584K, 0% used [0x9ddc0000,0x9ddc0000,0xa1fc0000)
  from space 2560K, 99% used [0xa1fc0000,0xa223f870,0xa2240000)
  to   space 2560K, 0% used [0xa2240000,0xa2240000,0xa24c0000)
 ParOldGen       total 43520K, used 25117K [0x73340000, 0x75dc0000, 0x9ddc0000)
  object space 43520K, 57% used [0x73340000,0x74bc76a0,0x75dc0000)
 PSPermGen       total 16384K, used 3882K [0x6b340000, 0x6c340000, 0x73340000)
  object space 16384K, 23% used [0x6b340000,0x6b70aa28,0x6c340000)
GC Heap History (9 events):
Event: 1.807 GC heap before
{Heap before GC invocations=1 (full 0):
 PSYoungGen      total 19456K, used 16896K [0x9ddc0000, 0x9f340000, 0xb3340000)
  eden space 16896K, 100% used [0x9ddc0000,0x9ee40000,0x9ee40000)
  from space 2560K, 0% used [0x9f0c0000,0x9f0c0000,0x9f340000)
  to   space 2560K, 0% used [0x9ee40000,0x9ee40000,0x9f0c0000)
 ParOldGen       total 43520K, used 0K [0x73340000, 0x75dc0000, 0x9ddc0000)
  object space 43520K, 0% used [0x73340000,0x73340000,0x75dc0000)
 PSPermGen       total 16384K, used 3705K [0x6b340000, 0x6c340000, 0x73340000)
  object space 16384K, 22% used [0x6b340000,0x6b6de4b0,0x6c340000)
Event: 1.898 GC heap after
Heap after GC invocations=1 (full 0):
 PSYoungGen      total 19456K, used 2548K [0x9ddc0000, 0xa03c0000, 0xb3340000)
  eden space 16896K, 0% used [0x9ddc0000,0x9ddc0000,0x9ee40000)
  from space 2560K, 99% used [0x9ee40000,0x9f0bd1c0,0x9f0c0000)
  to   space 2560K, 0% used [0xa0140000,0xa0140000,0xa03c0000)
 ParOldGen       total 43520K, used 1424K [0x73340000, 0x75dc0000, 0x9ddc0000)
  object space 43520K, 3% used [0x73340000,0x734a41e8,0x75dc0000)
 PSPermGen       total 16384K, used 3705K [0x6b340000, 0x6c340000, 0x73340000)
  object space 16384K, 22% used [0x6b340000,0x6b6de4b0,0x6c340000)
}
Event: 3.699 GC heap before
{Heap before GC invocations=2 (full 0):
 PSYoungGen      total 19456K, used 19444K [0x9ddc0000, 0xa03c0000, 0xb3340000)
  eden space 16896K, 100% used [0x9ddc0000,0x9ee40000,0x9ee40000)
  from space 2560K, 99% used [0x9ee40000,0x9f0bd1c0,0x9f0c0000)
  to   space 2560K, 0% used [0xa0140000,0xa0140000,0xa03c0000)
 ParOldGen       total 43520K, used 1424K [0x73340000, 0x75dc0000, 0x9ddc0000)
  object space 43520K, 3% used [0x73340000,0x734a41e8,0x75dc0000)
 PSPermGen       total 16384K, used 3784K [0x6b340000, 0x6c340000, 0x73340000)
  object space 16384K, 23% used [0x6b340000,0x6b6f2000,0x6c340000)
Event: 3.762 GC heap after
Heap after GC invocations=2 (full 0):
 PSYoungGen      total 36352K, used 2553K [0x9ddc0000, 0xa03c0000, 0xb3340000)
  eden space 33792K, 0% used [0x9ddc0000,0x9ddc0000,0x9fec0000)
  from space 2560K, 99% used [0xa0140000,0xa03be5d8,0xa03c0000)
  to   space 2560K, 0% used [0x9fec0000,0x9fec0000,0xa0140000)
 ParOldGen       total 43520K, used 4051K [0x73340000, 0x75dc0000, 0x9ddc0000)
  object space 43520K, 9% used [0x73340000,0x73734da0,0x75dc0000)
 PSPermGen       total 16384K, used 3784K [0x6b340000, 0x6c340000, 0x73340000)
  object space 16384K, 23% used [0x6b340000,0x6b6f2000,0x6c340000)
}
Event: 6.921 GC heap before
{Heap before GC invocations=3 (full 0):
 PSYoungGen      total 36352K, used 36345K [0x9ddc0000, 0xa03c0000, 0xb3340000)
  eden space 33792K, 100% used [0x9ddc0000,0x9fec0000,0x9fec0000)
  from space 2560K, 99% used [0xa0140000,0xa03be5d8,0xa03c0000)
  to   space 2560K, 0% used [0x9fec0000,0x9fec0000,0xa0140000)
 ParOldGen       total 43520K, used 4051K [0x73340000, 0x75dc0000, 0x9ddc0000)
  object space 43520K, 9% used [0x73340000,0x73734da0,0x75dc0000)
 PSPermGen       total 16384K, used 3838K [0x6b340000, 0x6c340000, 0x73340000)
  object space 16384K, 23% used [0x6b340000,0x6b6ff950,0x6c340000)
Event: 6.968 GC heap after
Heap after GC invocations=3 (full 0):
 PSYoungGen      total 36352K, used 2556K [0x9ddc0000, 0xa24c0000, 0xb3340000)
  eden space 33792K, 0% used [0x9ddc0000,0x9ddc0000,0x9fec0000)
  from space 2560K, 99% used [0x9fec0000,0xa013f3e0,0xa0140000)
  to   space 2560K, 0% used [0xa2240000,0xa2240000,0xa24c0000)
 ParOldGen       total 43520K, used 9189K [0x73340000, 0x75dc0000, 0x9ddc0000)
  object space 43520K, 21% used [0x73340000,0x73c39530,0x75dc0000)
 PSPermGen       total 16384K, used 3838K [0x6b340000, 0x6c340000, 0x73340000)
  object space 16384K, 23% used [0x6b340000,0x6b6ff950,0x6c340000)
}
Event: 9.124 GC heap before
{Heap before GC invocations=4 (full 0):
 PSYoungGen      total 36352K, used 36348K [0x9ddc0000, 0xa24c0000, 0xb3340000)
  eden space 33792K, 100% used [0x9ddc0000,0x9fec0000,0x9fec0000)
  from space 2560K, 99% used [0x9fec0000,0xa013f3e0,0xa0140000)
  to   space 2560K, 0% used [0xa2240000,0xa2240000,0xa24c0000)
 ParOldGen       total 43520K, used 9189K [0x73340000, 0x75dc0000, 0x9ddc0000)
  object space 43520K, 21% used [0x73340000,0x73c39530,0x75dc0000)
 PSPermGen       total 16384K, used 3858K [0x6b340000, 0x6c340000, 0x73340000)
  object space 16384K, 23% used [0x6b340000,0x6b704a90,0x6c340000)
Event: 9.180 GC heap after
Heap after GC invocations=4 (full 0):
 PSYoungGen      total 70144K, used 2553K [0x9ddc0000, 0xa24c0000, 0xb3340000)
  eden space 67584K, 0% used [0x9ddc0000,0x9ddc0000,0xa1fc0000)
  from space 2560K, 99% used [0xa2240000,0xa24be580,0xa24c0000)
  to   space 2560K, 0% used [0xa1fc0000,0xa1fc0000,0xa2240000)
 ParOldGen       total 43520K, used 14543K [0x73340000, 0x75dc0000, 0x9ddc0000)
  object space 43520K, 33% used [0x73340000,0x74173e20,0x75dc0000)
 PSPermGen       total 16384K, used 3858K [0x6b340000, 0x6c340000, 0x73340000)
  object space 16384K, 23% used [0x6b340000,0x6b704a90,0x6c340000)
}
Event: 11.819 GC heap before
{Heap before GC invocations=5 (full 0):
 PSYoungGen      total 70144K, used 70137K [0x9ddc0000, 0xa24c0000, 0xb3340000)
  eden space 67584K, 100% used [0x9ddc0000,0xa1fc0000,0xa1fc0000)
  from space 2560K, 99% used [0xa2240000,0xa24be580,0xa24c0000)
  to   space 2560K, 0% used [0xa1fc0000,0xa1fc0000,0xa2240000)
 ParOldGen       total 43520K, used 14543K [0x73340000, 0x75dc0000, 0x9ddc0000)
  object space 43520K, 33% used [0x73340000,0x74173e20,0x75dc0000)
 PSPermGen       total 16384K, used 3882K [0x6b340000, 0x6c340000, 0x73340000)
  object space 16384K, 23% used [0x6b340000,0x6b70aa28,0x6c340000)

